[debug] [2021-08-17T14:39:58.160Z] ----------------------------------------------------------------------
[debug] [2021-08-17T14:39:58.162Z] Command:       C:\Program Files\nodejs\node.exe C:\Users\jrein\AppData\Roaming\npm\node_modules\firebase-tools\lib\bin\firebase.js functions:shell
[debug] [2021-08-17T14:39:58.163Z] CLI Version:   9.16.2
[debug] [2021-08-17T14:39:58.163Z] Platform:      win32
[debug] [2021-08-17T14:39:58.163Z] Node Version:  v14.15.4
[debug] [2021-08-17T14:39:58.164Z] Time:          Tue Aug 17 2021 10:39:58 GMT-0400 (Eastern Daylight Time)
[debug] [2021-08-17T14:39:58.164Z] ----------------------------------------------------------------------
[debug] 
[debug] [2021-08-17T14:39:58.167Z] >>> [apiv2][query] GET https://firebase-public.firebaseio.com/cli.json [none]
[debug] [2021-08-17T14:39:58.257Z] > command requires scopes: ["email","openid","https://www.googleapis.com/auth/cloudplatformprojects.readonly","https://www.googleapis.com/auth/firebase","https://www.googleapis.com/auth/cloud-platform"]
[debug] [2021-08-17T14:39:58.258Z] > authorizing via signed-in user (jrein1296@gmail.com)
[debug] [2021-08-17T14:39:58.258Z] [iam] checking project clone-14498 for permissions ["firebase.projects.get"]
[debug] [2021-08-17T14:39:58.259Z] > refreshing access token with scopes: ["email","https://www.googleapis.com/auth/cloud-platform","https://www.googleapis.com/auth/cloudplatformprojects.readonly","https://www.googleapis.com/auth/firebase","openid"]
[debug] [2021-08-17T14:39:58.259Z] >>> HTTP REQUEST POST https://www.googleapis.com/oauth2/v3/token  
 <request body omitted>
[debug] [2021-08-17T14:39:58.488Z] <<< [apiv2][status] GET https://firebase-public.firebaseio.com/cli.json 200
[debug] [2021-08-17T14:39:58.488Z] <<< [apiv2][body] GET https://firebase-public.firebaseio.com/cli.json {"cloudBuildErrorAfter":1594252800000,"cloudBuildWarnAfter":1590019200000,"defaultNode10After":1594252800000,"minVersion":"3.0.5","node8DeploysDisabledAfter":1613390400000,"node8RuntimeDisabledAfter":1615809600000,"node8WarnAfter":1600128000000}
[debug] [2021-08-17T14:39:58.515Z] <<< HTTP RESPONSE 200 {"date":"Tue, 17 Aug 2021 14:39:58 GMT","cache-control":"no-cache, no-store, max-age=0, must-revalidate","pragma":"no-cache","expires":"Mon, 01 Jan 1990 00:00:00 GMT","content-type":"application/json; charset=utf-8","vary":"X-Origin, Referer, Origin,Accept-Encoding","server":"scaffolding on HTTPServer2","x-xss-protection":"0","x-frame-options":"SAMEORIGIN","x-content-type-options":"nosniff","alt-svc":"h3=\":443\"; ma=2592000,h3-29=\":443\"; ma=2592000,h3-T051=\":443\"; ma=2592000,h3-Q050=\":443\"; ma=2592000,h3-Q046=\":443\"; ma=2592000,h3-Q043=\":443\"; ma=2592000,quic=\":443\"; ma=2592000; v=\"46,43\"","accept-ranges":"none","transfer-encoding":"chunked"}
[debug] [2021-08-17T14:39:58.527Z] >>> HTTP REQUEST POST https://cloudresourcemanager.googleapis.com/v1/projects/clone-14498:testIamPermissions  
 {"permissions":["firebase.projects.get"]}
[debug] [2021-08-17T14:39:58.844Z] <<< HTTP RESPONSE 200 {"content-type":"application/json; charset=UTF-8","vary":"X-Origin, Referer, Origin,Accept-Encoding","date":"Tue, 17 Aug 2021 14:39:58 GMT","server":"ESF","cache-control":"private","x-xss-protection":"0","x-frame-options":"SAMEORIGIN","x-content-type-options":"nosniff","server-timing":"gfet4t7; dur=88","alt-svc":"h3=\":443\"; ma=2592000,h3-29=\":443\"; ma=2592000,h3-T051=\":443\"; ma=2592000,h3-Q050=\":443\"; ma=2592000,h3-Q046=\":443\"; ma=2592000,h3-Q043=\":443\"; ma=2592000,quic=\":443\"; ma=2592000; v=\"46,43\"","accept-ranges":"none","transfer-encoding":"chunked"}
[debug] [2021-08-17T14:39:58.846Z] >>> HTTP REQUEST GET http://localhost:4400/emulators  
 
[debug] [2021-08-17T14:39:58.851Z] Error: connect ECONNREFUSED 127.0.0.1:4400
    at TCPConnectWrap.afterConnect [as oncomplete] (net.js:1146:16)
[error] 
[error] Error: Server Error. connect ECONNREFUSED 127.0.0.1:4400
[debug] [2021-08-17T15:09:25.270Z] ----------------------------------------------------------------------
[debug] [2021-08-17T15:09:25.272Z] Command:       C:\Program Files\nodejs\node.exe C:\Users\jrein\AppData\Roaming\npm\node_modules\firebase-tools\lib\bin\firebase.js emulators:start
[debug] [2021-08-17T15:09:25.272Z] CLI Version:   9.16.2
[debug] [2021-08-17T15:09:25.272Z] Platform:      win32
[debug] [2021-08-17T15:09:25.273Z] Node Version:  v14.15.4
[debug] [2021-08-17T15:09:25.274Z] Time:          Tue Aug 17 2021 11:09:25 GMT-0400 (Eastern Daylight Time)
[debug] [2021-08-17T15:09:25.274Z] ----------------------------------------------------------------------
[debug] 
[debug] [2021-08-17T15:09:25.336Z] > command requires scopes: ["email","openid","https://www.googleapis.com/auth/cloudplatformprojects.readonly","https://www.googleapis.com/auth/firebase","https://www.googleapis.com/auth/cloud-platform"]
[debug] [2021-08-17T15:09:25.337Z] > authorizing via signed-in user (jrein1296@gmail.com)
[info] i  emulators: Starting emulators: functions, hosting {"metadata":{"emulator":{"name":"hub"},"message":"Starting emulators: functions, hosting"}}
[warn] !  emulators: It seems that you are running multiple instances of the emulator suite for project clone-14498. This may result in unexpected behavior. 
[debug] [2021-08-17T15:09:25.363Z] [hub] writing locator at C:\Users\jrein\AppData\Local\Temp\hub-clone-14498.json
[warn] !  functions: The following emulators are not running, calls to these services from the Functions emulator will affect production: auth, firestore, database, pubsub, storage {"metadata":{"emulator":{"name":"functions"},"message":"The following emulators are not running, calls to these services from the Functions emulator will affect production: \u001b[1mauth, firestore, database, pubsub, storage\u001b[22m"}}
[info] +  functions: Using node@14 from host. {"metadata":{"emulator":{"name":"functions"},"message":"Using node@14 from host."}}
[debug] [2021-08-17T15:09:25.389Z] defaultcredentials: writing to file C:\Users\jrein\AppData\Roaming\firebase\jrein1296_gmail_com_application_default_credentials.json
[debug] [2021-08-17T15:09:25.390Z] Setting GAC to C:\Users\jrein\AppData\Roaming\firebase\jrein1296_gmail_com_application_default_credentials.json {"metadata":{"emulator":{"name":"functions"},"message":"Setting GAC to C:\\Users\\jrein\\AppData\\Roaming\\firebase\\jrein1296_gmail_com_application_default_credentials.json"}}
[debug] [2021-08-17T15:09:25.394Z] > refreshing access token with scopes: []
[debug] [2021-08-17T15:09:25.395Z] >>> HTTP REQUEST POST https://www.googleapis.com/oauth2/v3/token  
 <request body omitted>
[debug] [2021-08-17T15:09:25.574Z] <<< HTTP RESPONSE 200 {"pragma":"no-cache","expires":"Mon, 01 Jan 1990 00:00:00 GMT","date":"Tue, 17 Aug 2021 15:09:25 GMT","cache-control":"no-cache, no-store, max-age=0, must-revalidate","content-type":"application/json; charset=utf-8","vary":"X-Origin, Referer, Origin,Accept-Encoding","server":"scaffolding on HTTPServer2","x-xss-protection":"0","x-frame-options":"SAMEORIGIN","x-content-type-options":"nosniff","alt-svc":"h3=\":443\"; ma=2592000,h3-29=\":443\"; ma=2592000,h3-T051=\":443\"; ma=2592000,h3-Q050=\":443\"; ma=2592000,h3-Q046=\":443\"; ma=2592000,h3-Q043=\":443\"; ma=2592000,quic=\":443\"; ma=2592000; v=\"46,43\"","accept-ranges":"none","transfer-encoding":"chunked"}
[debug] [2021-08-17T15:09:25.586Z] >>> [apiv2][query] GET https://firebase.googleapis.com/v1beta1/projects/clone-14498/adminSdkConfig [none]
[debug] [2021-08-17T15:09:25.898Z] <<< [apiv2][status] GET https://firebase.googleapis.com/v1beta1/projects/clone-14498/adminSdkConfig 200
[debug] [2021-08-17T15:09:25.898Z] <<< [apiv2][body] GET https://firebase.googleapis.com/v1beta1/projects/clone-14498/adminSdkConfig {"projectId":"clone-14498","storageBucket":"clone-14498.appspot.com","locationId":"us-central"}
[debug] [2021-08-17T15:09:25.920Z] >>> [apiv2][query] GET https://firebasehosting.googleapis.com/v1beta1/projects/clone-14498/sites 
[debug] [2021-08-17T15:09:26.298Z] <<< [apiv2][status] GET https://firebasehosting.googleapis.com/v1beta1/projects/clone-14498/sites 200
[debug] [2021-08-17T15:09:26.298Z] <<< [apiv2][body] GET https://firebasehosting.googleapis.com/v1beta1/projects/clone-14498/sites {"sites":[{"name":"projects/991340167259/sites/clone-14498","defaultUrl":"https://clone-14498.web.app","appId":"1:991340167259:web:bb0a6e39d71015b6fe3f7e","type":"DEFAULT_SITE"}]}
[debug] [2021-08-17T15:09:26.298Z] >>> [apiv2][query] GET https://firebase.googleapis.com/v1beta1/projects/clone-14498/webApps/1:991340167259:web:bb0a6e39d71015b6fe3f7e/config [none]
[debug] [2021-08-17T15:09:26.671Z] <<< [apiv2][status] GET https://firebase.googleapis.com/v1beta1/projects/clone-14498/webApps/1:991340167259:web:bb0a6e39d71015b6fe3f7e/config 200
[debug] [2021-08-17T15:09:26.671Z] <<< [apiv2][body] GET https://firebase.googleapis.com/v1beta1/projects/clone-14498/webApps/1:991340167259:web:bb0a6e39d71015b6fe3f7e/config {"projectId":"clone-14498","appId":"1:991340167259:web:bb0a6e39d71015b6fe3f7e","storageBucket":"clone-14498.appspot.com","locationId":"us-central","apiKey":"AIzaSyDY6fgcBl5w-54JXHMuDIZRJe1-Zuh152Q","authDomain":"clone-14498.firebaseapp.com","messagingSenderId":"991340167259","measurementId":"G-FV2FFT9NTL"}
[info] i  hosting: Serving hosting files from: build {"metadata":{"emulator":{"name":"hosting"},"message":"Serving hosting files from: \u001b[1mbuild\u001b[22m"}}
[info] +  hosting: Local server: http://localhost:5000 {"metadata":{"emulator":{"name":"hosting"},"message":"Local server: \u001b[4m\u001b[1mhttp://localhost:5000\u001b[22m\u001b[24m"}}
[debug] [2021-08-17T15:09:26.721Z] Ignoring unsupported arg: auto_download {"metadata":{"emulator":{"name":"ui"},"message":"Ignoring unsupported arg: auto_download"}}
[debug] [2021-08-17T15:09:26.722Z] Ignoring unsupported arg: port {"metadata":{"emulator":{"name":"ui"},"message":"Ignoring unsupported arg: port"}}
[debug] [2021-08-17T15:09:26.723Z] Starting Emulator UI with command {"binary":"node","args":["C:\\Users\\jrein\\.cache\\firebase\\emulators\\ui-v1.6.2\\server.bundle.js"],"optionalArgs":[],"joinArgs":false} {"metadata":{"emulator":{"name":"ui"},"message":"Starting Emulator UI with command {\"binary\":\"node\",\"args\":[\"C:\\\\Users\\\\jrein\\\\.cache\\\\firebase\\\\emulators\\\\ui-v1.6.2\\\\server.bundle.js\"],\"optionalArgs\":[],\"joinArgs\":false}"}}
[info] i  ui: Emulator UI logging to ui-debug.log {"metadata":{"emulator":{"name":"ui"},"message":"Emulator UI logging to \u001b[1mui-debug.log\u001b[22m"}}
[debug] [2021-08-17T15:09:26.872Z] Web / API server started at localhost:4000
 {"metadata":{"emulator":{"name":"ui"},"message":"Web / API server started at localhost:4000\n"}}
[info] i  functions: Watching "C:\Users\jrein\gt-bootcamp\projects\amazon-clone\functions" for Cloud Functions... {"metadata":{"emulator":{"name":"functions"},"message":"Watching \"C:\\Users\\jrein\\gt-bootcamp\\projects\\amazon-clone\\functions\" for Cloud Functions..."}}
[debug] [2021-08-17T15:09:27.021Z] [worker-pool] addWorker(~diagnostic~) {"metadata":{"emulator":{"name":"functions"},"message":"[worker-pool] addWorker(~diagnostic~)"}}
[debug] [2021-08-17T15:09:27.021Z] [worker-pool] Adding worker with key ~diagnostic~, total=1 {"metadata":{"emulator":{"name":"functions"},"message":"[worker-pool] Adding worker with key ~diagnostic~, total=1"}}
[debug] [2021-08-17T15:09:27.022Z] [worker-pool] submitWork(triggerId=) {"metadata":{"emulator":{"name":"functions"},"message":"[worker-pool] submitWork(triggerId=)"}}
[debug] [2021-08-17T15:09:27.022Z] [worker-~diagnostic~-a67b32d7-76eb-4df4-b2d5-9d1306d46187]: Assigning socketPath: \\?\pipe\C:\Users\jrein\gt-bootcamp\projects\amazon-clone\functions\9060 {"metadata":{"emulator":{"name":"functions"},"message":"[worker-~diagnostic~-a67b32d7-76eb-4df4-b2d5-9d1306d46187]: Assigning socketPath: \\\\?\\pipe\\C:\\Users\\jrein\\gt-bootcamp\\projects\\amazon-clone\\functions\\9060"}}
[debug] [2021-08-17T15:09:27.023Z] [worker-~diagnostic~-a67b32d7-76eb-4df4-b2d5-9d1306d46187]: BUSY {"metadata":{"emulator":{"name":"functions"},"message":"[worker-~diagnostic~-a67b32d7-76eb-4df4-b2d5-9d1306d46187]: BUSY"}}
